[     570ms] [INFO] %cDownload the React DevTools for a better development experience: https://react.dev/link/react-devtools font-weight:bold @ http://localhost:3000/_next/static/chunks/02_c_next_dist_12g23lt._.js:2431
[     594ms] [LOG] [HMR] connected @ http://localhost:3000/_next/static/chunks/02_c_next_dist_12g23lt._.js:2431
[   25664ms] [LOG] [Fast Refresh] rebuilding @ http://localhost:3000/_next/static/chunks/02_c_next_dist_12g23lt._.js:2431
[   26090ms] [LOG] [Fast Refresh] done in 534ms @ http://localhost:3000/_next/static/chunks/02_c_next_dist_12g23lt._.js:2431
[   26195ms] [LOG] [Fast Refresh] rebuilding @ http://localhost:3000/_next/static/chunks/02_c_next_dist_12g23lt._.js:2431
[   26309ms] [LOG] [Fast Refresh] done in 217ms @ http://localhost:3000/_next/static/chunks/02_c_next_dist_12g23lt._.js:2431
[   26309ms] [ERROR] Failed to load resource: the server responded with a status of 500 (Internal Server Error) @ http://localhost:3000/crm/df4b3f97-665c-4205-9a1c-4785c7b762ab:0
[   26413ms] [LOG] [Fast Refresh] rebuilding @ http://localhost:3000/_next/static/chunks/02_c_next_dist_12g23lt._.js:2431
[   26764ms] [LOG] [Fast Refresh] done in 451ms @ http://localhost:3000/_next/static/chunks/02_c_next_dist_12g23lt._.js:2431
[   26775ms] [ERROR] Failed to load resource: the server responded with a status of 500 (Internal Server Error) @ http://localhost:3000/crm/df4b3f97-665c-4205-9a1c-4785c7b762ab:0
[   26867ms] [LOG] [Fast Refresh] rebuilding @ http://localhost:3000/_next/static/chunks/02_c_next_dist_12g23lt._.js:2431
[   27206ms] [LOG] [Fast Refresh] done in 441ms @ http://localhost:3000/_next/static/chunks/02_c_next_dist_12g23lt._.js:2431
[   27235ms] [ERROR] Failed to load resource: the server responded with a status of 500 (Internal Server Error) @ http://localhost:3000/crm/df4b3f97-665c-4205-9a1c-4785c7b762ab:0
[   27309ms] [LOG] [Fast Refresh] rebuilding @ http://localhost:3000/_next/static/chunks/02_c_next_dist_12g23lt._.js:2431
[   27591ms] [LOG] [Fast Refresh] done in 384ms @ http://localhost:3000/_next/static/chunks/02_c_next_dist_12g23lt._.js:2431
[   27623ms] [ERROR] Failed to load resource: the server responded with a status of 500 (Internal Server Error) @ http://localhost:3000/crm/df4b3f97-665c-4205-9a1c-4785c7b762ab:0
[   27701ms] [LOG] [Fast Refresh] rebuilding @ http://localhost:3000/_next/static/chunks/02_c_next_dist_12g23lt._.js:2431
[   27979ms] [LOG] [Fast Refresh] done in 387ms @ http://localhost:3000/_next/static/chunks/02_c_next_dist_12g23lt._.js:2431
[   27990ms] [ERROR] Failed to load resource: the server responded with a status of 500 (Internal Server Error) @ http://localhost:3000/crm/df4b3f97-665c-4205-9a1c-4785c7b762ab:0
[   28093ms] [LOG] [Fast Refresh] rebuilding @ http://localhost:3000/_next/static/chunks/02_c_next_dist_12g23lt._.js:2431
[   28310ms] [LOG] [Fast Refresh] done in 331ms @ http://localhost:3000/_next/static/chunks/02_c_next_dist_12g23lt._.js:2431
[   28341ms] [ERROR] Failed to load resource: the server responded with a status of 500 (Internal Server Error) @ http://localhost:3000/crm/df4b3f97-665c-4205-9a1c-4785c7b762ab:0
[   67123ms] [ERROR] Failed to load resource: the server responded with a status of 400 () @ https://ibblgdzmdrnynphijfsn.supabase.co/rest/v1/jobs:0
